[2024-02-12 04:27:04] [1] [WARN] Reporting disabled: using no op test run registrar
[2024-02-12 04:27:04] [1] [INFO] TEST [CarinaMyFakeAPI - verifyProductSelectionAndDetailViewingTest] STARTED at [18:27:04 2024-02-12]
[2024-02-12 04:27:04] [1] [INFO] Starting driver session...
[2024-02-12 04:27:06] [1] [INFO] Driver session started.
[2024-02-12 04:27:06] [1] [INFO] INFO: opening url 'https://prom.ua/'
[2024-02-12 04:27:11] [1] [INFO] Element 'searchInput' is clicked.
[2024-02-12 04:27:11] [1] [INFO] Keys 'IPhone' are sent to element 'searchInput'.
[2024-02-12 04:27:11] [1] [INFO] Element 'searchButton' is clicked.
[2024-02-12 04:27:14] [1] [INFO] Element 'addToCardButton' is clicked.
[2024-02-12 04:27:14] [1] [INFO] Element 'shoppingCartIcon' is clicked.
[2024-02-12 04:27:35] [1] [ERROR] TEST [CarinaMyFakeAPI - verifyProductSelectionAndDetailViewingTest] FAILED at [18:27:35 2024-02-12] - The following asserts failed:
	expected [true] but found [false]

org.testng.asserts.SoftAssert.assertAll(SoftAssert.java:46)
org.testng.asserts.SoftAssert.assertAll(SoftAssert.java:30)
com.slovd.CarinaMyFakeAPI.web.SearchPageTest.verifyProductSelectionAndDetailViewingTest(SearchPageTest.java:52)
java.base/jdk.internal.reflect.NativeMethodAccessorImpl.invoke0(Native Method)
java.base/jdk.internal.reflect.NativeMethodAccessorImpl.invoke(NativeMethodAccessorImpl.java:77)
java.base/jdk.internal.reflect.DelegatingMethodAccessorImpl.invoke(DelegatingMethodAccessorImpl.java:43)
java.base/java.lang.reflect.Method.invoke(Method.java:568)
org.testng.internal.invokers.MethodInvocationHelper.invokeMethod(MethodInvocationHelper.java:139)
org.testng.internal.invokers.TestInvoker.invokeMethod(TestInvoker.java:664)
org.testng.internal.invokers.TestInvoker.invokeTestMethod(TestInvoker.java:227)
org.testng.internal.invokers.MethodRunner.runInSequence(MethodRunner.java:50)
org.testng.internal.invokers.TestInvoker$MethodInvocationAgent.invoke(TestInvoker.java:957)
org.testng.internal.invokers.TestInvoker.invokeTestMethods(TestInvoker.java:200)
org.testng.internal.invokers.TestMethodWorker.invokeTestMethods(TestMethodWorker.java:148)
org.testng.internal.invokers.TestMethodWorker.run(TestMethodWorker.java:128)
java.base/java.util.ArrayList.forEach(ArrayList.java:1511)
org.testng.TestRunner.privateRun(TestRunner.java:848)
org.testng.TestRunner.run(TestRunner.java:621)
org.testng.SuiteRunner.runTest(SuiteRunner.java:443)
org.testng.SuiteRunner.runSequentially(SuiteRunner.java:437)
org.testng.SuiteRunner.privateRun(SuiteRunner.java:397)
org.testng.SuiteRunner.run(SuiteRunner.java:336)
org.testng.SuiteRunnerWorker.runSuite(SuiteRunnerWorker.java:52)
org.testng.SuiteRunnerWorker.run(SuiteRunnerWorker.java:95)
org.testng.TestNG.runSuitesSequentially(TestNG.java:1280)
org.testng.TestNG.runSuitesLocally(TestNG.java:1200)
org.testng.TestNG.runSuites(TestNG.java:1114)
org.testng.TestNG.run(TestNG.java:1082)
com.intellij.rt.testng.IDEARemoteTestNG.run(IDEARemoteTestNG.java:66)
com.intellij.rt.testng.RemoteTestNGStarter.main(RemoteTestNGStarter.java:109)
