[2024-02-12 04:20:38] [1] [WARN] Reporting disabled: using no op test run registrar
[2024-02-12 04:20:38] [1] [INFO] TEST [CarinaMyFakeAPI - verifyProductSelectionAndDetailViewingTest] STARTED at [18:20:38 2024-02-12]
[2024-02-12 04:20:38] [1] [INFO] Starting driver session...
[2024-02-12 04:20:44] [1] [INFO] Driver session started.
[2024-02-12 04:20:44] [1] [INFO] INFO: opening url 'https://prom.ua/'
[2024-02-12 04:20:47] [1] [ERROR] TEST [CarinaMyFakeAPI - verifyProductSelectionAndDetailViewingTest] FAILED at [18:20:47 2024-02-12] - invalid selector: Unable to locate an element with the xpath expression .//*[@data-qaid='search_form'].//input[@type='search'] because of the following error:
SyntaxError: Failed to execute 'evaluate' on 'Document': The string './/*[@data-qaid='search_form'].//input[@type='search']' is not a valid XPath expression.
  (Session info: chrome=121.0.6167.160)
For documentation on this error, please visit: https://www.selenium.dev/documentation/webdriver/troubleshooting/errors#invalid-selector-exception
Build info: version: '4.13.0', revision: 'ba948ece5b*'
System info: os.name: 'Mac OS X', os.arch: 'aarch64', os.version: '14.0', java.version: '17.0.2'
Driver info: org.openqa.selenium.remote.RemoteWebDriver
Command: [eb7d6a7981f50c75274b8f23067408e4, findChildElements {id=26274FC14C70606D2423F79812577FA3_element_56, using=xpath, value=.//*[@data-qaid='search_form'].//input[@type='search']}]
Capabilities {acceptInsecureCerts: true, browserName: chrome, browserVersion: 121.0.6167.160, chrome: {chromedriverVersion: 121.0.6167.85 (3f98d690ad7e..., userDataDir: /var/folders/q8/fjmkfnjx0qz...}, fedcm:accounts: true, goog:chromeOptions: {debuggerAddress: localhost:51978}, networkConnectionEnabled: false, pageLoadStrategy: normal, platformName: mac, proxy: Proxy(), se:bidiEnabled: false, se:cdp: ws://192.168.50.100:4444/se..., se:cdpVersion: 121.0.6167.160, setWindowRect: true, strictFileInteractability: false, timeouts: {implicit: 0, pageLoad: 300000, script: 30000}, unhandledPromptBehavior: dismiss and notify, webauthn:extension:credBlob: true, webauthn:extension:largeBlob: true, webauthn:extension:minPinLength: true, webauthn:extension:prf: true, webauthn:virtualAuthenticators: true}
Session ID: eb7d6a7981f50c75274b8f23067408e4

java.base/jdk.internal.reflect.NativeConstructorAccessorImpl.newInstance0(Native Method)
java.base/jdk.internal.reflect.NativeConstructorAccessorImpl.newInstance(NativeConstructorAccessorImpl.java:77)
java.base/jdk.internal.reflect.DelegatingConstructorAccessorImpl.newInstance(DelegatingConstructorAccessorImpl.java:45)
java.base/java.lang.reflect.Constructor.newInstanceWithCaller(Constructor.java:499)
java.base/java.lang.reflect.Constructor.newInstance(Constructor.java:480)
org.openqa.selenium.remote.codec.w3c.W3CHttpResponseCodec.createException(W3CHttpResponseCodec.java:200)
org.openqa.selenium.remote.codec.w3c.W3CHttpResponseCodec.decode(W3CHttpResponseCodec.java:133)
org.openqa.selenium.remote.codec.w3c.W3CHttpResponseCodec.decode(W3CHttpResponseCodec.java:52)
org.openqa.selenium.remote.HttpCommandExecutor.execute(HttpCommandExecutor.java:191)
com.zebrunner.carina.webdriver.listener.EventFiringSeleniumCommandExecutor.execute(EventFiringSeleniumCommandExecutor.java:52)
org.openqa.selenium.remote.RemoteWebDriver.execute(RemoteWebDriver.java:602)
org.openqa.selenium.remote.ElementLocation$ElementFinder$2.findElements(ElementLocation.java:182)
org.openqa.selenium.remote.ElementLocation.findElements(ElementLocation.java:103)
org.openqa.selenium.remote.RemoteWebDriver.findElements(RemoteWebDriver.java:372)
org.openqa.selenium.remote.RemoteWebElement.findElements(RemoteWebElement.java:204)
java.base/jdk.internal.reflect.NativeMethodAccessorImpl.invoke0(Native Method)
java.base/jdk.internal.reflect.NativeMethodAccessorImpl.invoke(NativeMethodAccessorImpl.java:77)
java.base/jdk.internal.reflect.DelegatingMethodAccessorImpl.invoke(DelegatingMethodAccessorImpl.java:43)
java.base/java.lang.reflect.Method.invoke(Method.java:568)
org.openqa.selenium.support.decorators.WebDriverDecorator.call(WebDriverDecorator.java:249)
org.openqa.selenium.support.decorators.DefaultDecorated.call(DefaultDecorated.java:48)
org.openqa.selenium.support.decorators.WebDriverDecorator.lambda$createProxy$2(WebDriverDecorator.java:321)
net.bytebuddy.renamed.java.lang.Object$ByteBuddy$BmXa1qX9.findElements(Unknown Source)
java.base/jdk.internal.reflect.NativeMethodAccessorImpl.invoke0(Native Method)
java.base/jdk.internal.reflect.NativeMethodAccessorImpl.invoke(NativeMethodAccessorImpl.java:77)
java.base/jdk.internal.reflect.DelegatingMethodAccessorImpl.invoke(DelegatingMethodAccessorImpl.java:43)
java.base/java.lang.reflect.Method.invoke(Method.java:568)
org.openqa.selenium.support.pagefactory.internal.LocatingElementHandler.invoke(LocatingElementHandler.java:51)
jdk.proxy2/jdk.proxy2.$Proxy82.findElements(Unknown Source)
org.openqa.selenium.support.ui.ExpectedConditions$43.apply(ExpectedConditions.java:1231)
org.openqa.selenium.support.ui.ExpectedConditions$43.apply(ExpectedConditions.java:1227)
org.openqa.selenium.support.ui.ExpectedConditions$49.apply(ExpectedConditions.java:1396)
org.openqa.selenium.support.ui.ExpectedConditions$49.apply(ExpectedConditions.java:1390)
org.openqa.selenium.support.ui.FluentWait.until(FluentWait.java:205)
com.zebrunner.carina.webdriver.helper.IExtendedWebElementHelper.waitUntil(IExtendedWebElementHelper.java:618)
com.zebrunner.carina.webdriver.decorator.ExtendedWebElement.isElementPresent(ExtendedWebElement.java:376)
com.zebrunner.carina.webdriver.decorator.ExtendedWebElement.isElementPresent(ExtendedWebElement.java:323)
com.slovd.CarinaMyFakeAPI.web.SearchPageTest.verifyProductSelectionAndDetailViewingTest(SearchPageTest.java:24)
java.base/jdk.internal.reflect.NativeMethodAccessorImpl.invoke0(Native Method)
java.base/jdk.internal.reflect.NativeMethodAccessorImpl.invoke(NativeMethodAccessorImpl.java:77)
java.base/jdk.internal.reflect.DelegatingMethodAccessorImpl.invoke(DelegatingMethodAccessorImpl.java:43)
java.base/java.lang.reflect.Method.invoke(Method.java:568)
org.testng.internal.invokers.MethodInvocationHelper.invokeMethod(MethodInvocationHelper.java:139)
org.testng.internal.invokers.TestInvoker.invokeMethod(TestInvoker.java:664)
org.testng.internal.invokers.TestInvoker.invokeTestMethod(TestInvoker.java:227)
org.testng.internal.invokers.MethodRunner.runInSequence(MethodRunner.java:50)
org.testng.internal.invokers.TestInvoker$MethodInvocationAgent.invoke(TestInvoker.java:957)
org.testng.internal.invokers.TestInvoker.invokeTestMethods(TestInvoker.java:200)
org.testng.internal.invokers.TestMethodWorker.invokeTestMethods(TestMethodWorker.java:148)
org.testng.internal.invokers.TestMethodWorker.run(TestMethodWorker.java:128)
java.base/java.util.ArrayList.forEach(ArrayList.java:1511)
org.testng.TestRunner.privateRun(TestRunner.java:848)
org.testng.TestRunner.run(TestRunner.java:621)
org.testng.SuiteRunner.runTest(SuiteRunner.java:443)
org.testng.SuiteRunner.runSequentially(SuiteRunner.java:437)
org.testng.SuiteRunner.privateRun(SuiteRunner.java:397)
org.testng.SuiteRunner.run(SuiteRunner.java:336)
org.testng.SuiteRunnerWorker.runSuite(SuiteRunnerWorker.java:52)
org.testng.SuiteRunnerWorker.run(SuiteRunnerWorker.java:95)
org.testng.TestNG.runSuitesSequentially(TestNG.java:1280)
org.testng.TestNG.runSuitesLocally(TestNG.java:1200)
org.testng.TestNG.runSuites(TestNG.java:1114)
org.testng.TestNG.run(TestNG.java:1082)
com.intellij.rt.testng.IDEARemoteTestNG.run(IDEARemoteTestNG.java:66)
com.intellij.rt.testng.RemoteTestNGStarter.main(RemoteTestNGStarter.java:109)
