[2024-02-12 11:47:36] [1] [WARN] Reporting disabled: using no op test run registrar
[2024-02-12 11:47:36] [1] [INFO] TEST [CarinaMyFakeAPI - verifyProductSelectionAndDetailViewingTest] STARTED at [13:47:36 2024-02-12]
[2024-02-12 11:47:36] [1] [INFO] Starting driver session...
[2024-02-12 11:47:37] [1] [INFO] Driver session started.
[2024-02-12 11:47:38] [1] [INFO] INFO: opening url 'https://prom.ua/'
[2024-02-12 11:47:43] [1] [INFO] Element 'searchInput' is clicked.
[2024-02-12 11:47:43] [1] [INFO] Keys 'IPhone' are sent to element 'searchInput'.
[2024-02-12 11:47:43] [1] [INFO] Element 'searchButton' is clicked.
[2024-02-12 11:47:48] [1] [INFO] Element 'addToCardButton' is clicked.
[2024-02-12 11:47:48] [1] [INFO] Element 'shoppingCartIcon' is clicked.
[2024-02-12 11:48:11] [1] [ERROR] TEST [CarinaMyFakeAPI - verifyProductSelectionAndDetailViewingTest] FAILED at [13:48:11 2024-02-12] - In shopping card more then one element expected [1] but found [0]

org.testng.Assert.fail(Assert.java:111)
org.testng.Assert.failNotEquals(Assert.java:1578)
org.testng.Assert.assertEqualsImpl(Assert.java:150)
org.testng.Assert.assertEquals(Assert.java:132)
org.testng.Assert.assertEquals(Assert.java:1419)
org.testng.Assert.assertEquals(Assert.java:1383)
com.slovd.CarinaMyFakeAPI.web.SearchPageTest.verifyProductSelectionAndDetailViewingTest(SearchPageTest.java:45)
java.base/jdk.internal.reflect.NativeMethodAccessorImpl.invoke0(Native Method)
java.base/jdk.internal.reflect.NativeMethodAccessorImpl.invoke(NativeMethodAccessorImpl.java:77)
java.base/jdk.internal.reflect.DelegatingMethodAccessorImpl.invoke(DelegatingMethodAccessorImpl.java:43)
java.base/java.lang.reflect.Method.invoke(Method.java:568)
org.testng.internal.invokers.MethodInvocationHelper.invokeMethod(MethodInvocationHelper.java:139)
org.testng.internal.invokers.TestInvoker.invokeMethod(TestInvoker.java:664)
org.testng.internal.invokers.TestInvoker.invokeTestMethod(TestInvoker.java:227)
org.testng.internal.invokers.MethodRunner.runInSequence(MethodRunner.java:50)
org.testng.internal.invokers.TestInvoker$MethodInvocationAgent.invoke(TestInvoker.java:957)
org.testng.internal.invokers.TestInvoker.invokeTestMethods(TestInvoker.java:200)
org.testng.internal.invokers.TestMethodWorker.invokeTestMethods(TestMethodWorker.java:148)
org.testng.internal.invokers.TestMethodWorker.run(TestMethodWorker.java:128)
java.base/java.util.ArrayList.forEach(ArrayList.java:1511)
org.testng.TestRunner.privateRun(TestRunner.java:848)
org.testng.TestRunner.run(TestRunner.java:621)
org.testng.SuiteRunner.runTest(SuiteRunner.java:443)
org.testng.SuiteRunner.runSequentially(SuiteRunner.java:437)
org.testng.SuiteRunner.privateRun(SuiteRunner.java:397)
org.testng.SuiteRunner.run(SuiteRunner.java:336)
org.testng.SuiteRunnerWorker.runSuite(SuiteRunnerWorker.java:52)
org.testng.SuiteRunnerWorker.run(SuiteRunnerWorker.java:95)
org.testng.TestNG.runSuitesSequentially(TestNG.java:1280)
org.testng.TestNG.runSuitesLocally(TestNG.java:1200)
org.testng.TestNG.runSuites(TestNG.java:1114)
org.testng.TestNG.run(TestNG.java:1082)
com.intellij.rt.testng.IDEARemoteTestNG.run(IDEARemoteTestNG.java:66)
com.intellij.rt.testng.RemoteTestNGStarter.main(RemoteTestNGStarter.java:109)
