[2024-02-08 08:31:49] [1] [WARN] Reporting disabled: using no op test run registrar
[2024-02-08 08:31:49] [1] [INFO] TEST [CarinaMyFakeAPI - verifySearchTest] STARTED at [22:31:49 2024-02-08]
[2024-02-08 08:31:49] [1] [INFO] Starting driver session...
[2024-02-08 08:31:51] [1] [INFO] Driver session started.
[2024-02-08 08:31:51] [1] [INFO] INFO: opening url 'https://prom.ua/'
[2024-02-08 08:31:54] [1] [INFO] Element 'searchInput' is clicked.
[2024-02-08 08:31:56] [1] [ERROR] TEST [CarinaMyFakeAPI - verifySearchTest] FAILED at [22:31:56 2024-02-08] - element click intercepted: Element <button type="submit" class="VS-Ex YY-wN vtaL- gPzcS _4msv1 blBdq aUEOj _3-Fnr Ly27e AFVZ6" disabled="" data-qaid="search_btn">...</button> is not clickable at point (1069, 79). Other element would receive the click: <div class="l-GwW">...</div>
  (Session info: chrome=121.0.6167.160)
Build info: version: '4.13.0', revision: 'ba948ece5b*'
System info: os.name: 'Mac OS X', os.arch: 'aarch64', os.version: '14.0', java.version: '17.0.2'
Driver info: org.openqa.selenium.remote.RemoteWebDriver
Command: [7f308b2107c32ffa95d5d464508239af, clickElement {id=26A8F1F304209E2B8E9C7B241B20CD4D_element_55}]
Capabilities {acceptInsecureCerts: true, browserName: chrome, browserVersion: 121.0.6167.160, chrome: {chromedriverVersion: 121.0.6167.85 (3f98d690ad7e..., userDataDir: /var/folders/q8/fjmkfnjx0qz...}, fedcm:accounts: true, goog:chromeOptions: {debuggerAddress: localhost:56524}, networkConnectionEnabled: false, pageLoadStrategy: normal, platformName: mac, proxy: Proxy(), se:bidiEnabled: false, se:cdp: ws://192.168.50.100:4444/se..., se:cdpVersion: 121.0.6167.160, setWindowRect: true, strictFileInteractability: false, timeouts: {implicit: 0, pageLoad: 300000, script: 30000}, unhandledPromptBehavior: dismiss and notify, webauthn:extension:credBlob: true, webauthn:extension:largeBlob: true, webauthn:extension:minPinLength: true, webauthn:extension:prf: true, webauthn:virtualAuthenticators: true}
Element: [[[[[[RemoteWebDriver: chrome on mac (7f308b2107c32ffa95d5d464508239af)] -> xpath: //header]] -> xpath: .//*[@data-qaid='search_form']]] -> xpath: .//*[@type='submit']]
Session ID: 7f308b2107c32ffa95d5d464508239af

java.base/jdk.internal.reflect.NativeConstructorAccessorImpl.newInstance0(Native Method)
java.base/jdk.internal.reflect.NativeConstructorAccessorImpl.newInstance(NativeConstructorAccessorImpl.java:77)
java.base/jdk.internal.reflect.DelegatingConstructorAccessorImpl.newInstance(DelegatingConstructorAccessorImpl.java:45)
java.base/java.lang.reflect.Constructor.newInstanceWithCaller(Constructor.java:499)
java.base/java.lang.reflect.Constructor.newInstance(Constructor.java:480)
org.openqa.selenium.remote.codec.w3c.W3CHttpResponseCodec.createException(W3CHttpResponseCodec.java:200)
org.openqa.selenium.remote.codec.w3c.W3CHttpResponseCodec.decode(W3CHttpResponseCodec.java:133)
org.openqa.selenium.remote.codec.w3c.W3CHttpResponseCodec.decode(W3CHttpResponseCodec.java:52)
org.openqa.selenium.remote.HttpCommandExecutor.execute(HttpCommandExecutor.java:191)
com.zebrunner.carina.webdriver.listener.EventFiringSeleniumCommandExecutor.execute(EventFiringSeleniumCommandExecutor.java:52)
org.openqa.selenium.remote.RemoteWebDriver.execute(RemoteWebDriver.java:602)
org.openqa.selenium.remote.RemoteWebElement.execute(RemoteWebElement.java:224)
org.openqa.selenium.remote.RemoteWebElement.click(RemoteWebElement.java:77)
java.base/jdk.internal.reflect.NativeMethodAccessorImpl.invoke0(Native Method)
java.base/jdk.internal.reflect.NativeMethodAccessorImpl.invoke(NativeMethodAccessorImpl.java:77)
java.base/jdk.internal.reflect.DelegatingMethodAccessorImpl.invoke(DelegatingMethodAccessorImpl.java:43)
java.base/java.lang.reflect.Method.invoke(Method.java:568)
org.openqa.selenium.support.decorators.WebDriverDecorator.call(WebDriverDecorator.java:249)
org.openqa.selenium.support.decorators.DefaultDecorated.call(DefaultDecorated.java:48)
org.openqa.selenium.support.decorators.WebDriverDecorator.lambda$createProxy$2(WebDriverDecorator.java:321)
net.bytebuddy.renamed.java.lang.Object$ByteBuddy$kiXHlTRl.click(Unknown Source)
com.zebrunner.carina.webdriver.decorator.ExtendedWebElement$3.doClick(ExtendedWebElement.java:1491)
com.zebrunner.carina.webdriver.decorator.ExtendedWebElement.executeAction(ExtendedWebElement.java:1351)
com.zebrunner.carina.webdriver.decorator.ExtendedWebElement.overrideAction(ExtendedWebElement.java:1485)
com.zebrunner.carina.webdriver.decorator.ExtendedWebElement.doAction(ExtendedWebElement.java:1464)
com.zebrunner.carina.webdriver.decorator.ExtendedWebElement.doAction(ExtendedWebElement.java:1441)
com.zebrunner.carina.webdriver.decorator.ExtendedWebElement.click(ExtendedWebElement.java:743)
com.zebrunner.carina.webdriver.decorator.ExtendedWebElement.click(ExtendedWebElement.java:723)
com.zebrunner.carina.webdriver.decorator.ExtendedWebElement.click(ExtendedWebElement.java:705)
com.slovd.CarinaMyFakeAPI.web.components.SearchFormComponent.clickSearchButton(SearchFormComponent.java:21)
com.slovd.CarinaMyFakeAPI.web.HomePageTest.verifySearchTest(HomePageTest.java:26)
java.base/jdk.internal.reflect.NativeMethodAccessorImpl.invoke0(Native Method)
java.base/jdk.internal.reflect.NativeMethodAccessorImpl.invoke(NativeMethodAccessorImpl.java:77)
java.base/jdk.internal.reflect.DelegatingMethodAccessorImpl.invoke(DelegatingMethodAccessorImpl.java:43)
java.base/java.lang.reflect.Method.invoke(Method.java:568)
org.testng.internal.invokers.MethodInvocationHelper.invokeMethod(MethodInvocationHelper.java:139)
org.testng.internal.invokers.TestInvoker.invokeMethod(TestInvoker.java:664)
org.testng.internal.invokers.TestInvoker.invokeTestMethod(TestInvoker.java:227)
org.testng.internal.invokers.MethodRunner.runInSequence(MethodRunner.java:50)
org.testng.internal.invokers.TestInvoker$MethodInvocationAgent.invoke(TestInvoker.java:957)
org.testng.internal.invokers.TestInvoker.invokeTestMethods(TestInvoker.java:200)
org.testng.internal.invokers.TestMethodWorker.invokeTestMethods(TestMethodWorker.java:148)
org.testng.internal.invokers.TestMethodWorker.run(TestMethodWorker.java:128)
java.base/java.util.ArrayList.forEach(ArrayList.java:1511)
org.testng.TestRunner.privateRun(TestRunner.java:848)
org.testng.TestRunner.run(TestRunner.java:621)
org.testng.SuiteRunner.runTest(SuiteRunner.java:443)
org.testng.SuiteRunner.runSequentially(SuiteRunner.java:437)
org.testng.SuiteRunner.privateRun(SuiteRunner.java:397)
org.testng.SuiteRunner.run(SuiteRunner.java:336)
org.testng.SuiteRunnerWorker.runSuite(SuiteRunnerWorker.java:52)
org.testng.SuiteRunnerWorker.run(SuiteRunnerWorker.java:95)
org.testng.TestNG.runSuitesSequentially(TestNG.java:1280)
org.testng.TestNG.runSuitesLocally(TestNG.java:1200)
org.testng.TestNG.runSuites(TestNG.java:1114)
org.testng.TestNG.run(TestNG.java:1082)
com.intellij.rt.testng.IDEARemoteTestNG.run(IDEARemoteTestNG.java:66)
com.intellij.rt.testng.RemoteTestNGStarter.main(RemoteTestNGStarter.java:109)
